[Appium] Welcome to Appium v1.7.1
[Appium] Non-default server args:
[Appium]   port: 4490
[Appium]   bootstrapPort: 2233
[Appium]   udid: c8ebc45e
[Appium] Deprecated server args:
[Appium]   -U,--udid => --default-capabilities '{"udid":"c8ebc45e"}'
[Appium] Default capabilities, which will be added to each request unless overridden by desired capabilities:
[Appium]   udid: 'c8ebc45e'
[Appium] Appium REST http interface listener started on 0.0.0.0:4490
[HTTP] --> POST /wd/hub/session {"desiredCapabilities":{"app":"D:\\hym\\apk\\hx_andr_app_www_1.86-201709291556.apk","appPackage":"com.tencent.mm","noReset":"True","noSign":"True","appActivity":"com.tencent.mm.ui.LauncherUI","chromedriverExecutable":"D:\\chromedriver.exe","newCommandTimeout":"1200","automationName":"appium  ","devicename":"","unicodeKeyboard":"True","chromeOptions":{"args":[],"extensions":[],"androidProcess":"com.tencent.mm:tools"},"udid":"c8ebc45e","platformName":"Android","resetKeyboard":"True"},"requiredCapabilities":{},"capabilities":{"desiredCapabilities":{"app":"D:\\hym\\apk\\hx_andr_app_www_1.86-201709291556.apk","appPackage":"com.tencent.mm","noReset":"True","noSign":"True","appActivity":"com.tencent.mm.ui.LauncherUI","chromedriverExecutable":"D:\\chromedriver.exe","newCommandTimeout":"1200","automationName":"appium  ","devicename":"","unicodeKeyboard":"True","chromeOptions":{"args":[],"extensions":[],"androidProcess":"com.tencent.mm:tools"},"udid":"c8ebc45e","platformName":"Android","resetKey
[debug] [MJSONWP] Calling AppiumDriver.createSession() with args: [{"app":"D:\\hym\\apk\\hx_andr_app_www_1.86-201709291556.apk","appPackage":"com.tencent.mm","noReset":"True","noSign":"True","appActivity":"com.tencent.mm.ui.LauncherUI","chromedriverExecutable":"D:\\chromedriver.exe","newCommandTimeout":"1200","automationName":"appium  ","devicename":"","unicodeKeyboard":"True","chromeOptions":{"args":[],"extensions":[],"androidProcess":"com.tencent.mm:tools"},"udid":"c8ebc45e","platformName":"Android","resetKeyboard":"True"},{},{"desiredCapabilities":{"app":"D:\\hym\\apk\\hx_andr_app_www_1.86-201709291556.apk","appPackage":"com.tencent.mm","noReset":"True","noSign":"True","appActivity":"com.tencent.mm.ui.LauncherUI","chromedriverExecutable":"D:\\chromedriver.exe","newCommandTimeout":"1200","automationName":"appium  ","devicename":"","unicodeKeyboard":"True","chromeOptions":{"args":[],"extensions":[],"androidProcess":"com.tencent.mm:tools"},"udid":"c8ebc45e","platformName":"Android","resetKeyboard":"True"},"requiredCapabilities":{},"alwaysMatch":{"platformName":"Android"}...
[debug] [BaseDriver] Event 'newSessionRequested' logged at 1525421789031 (16:16:29 GMT+0800 (中国标准时间))
[Appium] Creating new AndroidDriver (v1.28.1) session
[Appium] Capabilities:
[Appium]   app: 'D:\\hym\\apk\\hx_andr_app_www_1.86-201709291556.apk'
[Appium]   appPackage: 'com.tencent.mm'
[Appium]   noReset: 'True'
[Appium]   noSign: 'True'
[Appium]   appActivity: 'com.tencent.mm.ui.LauncherUI'
[Appium]   chromedriverExecutable: 'D:\\chromedriver.exe'
[Appium]   newCommandTimeout: '1200'
[Appium]   automationName: 'appium  '
[Appium]   devicename: ''
[Appium]   unicodeKeyboard: 'True'
[Appium]   chromeOptions: { args: [],
  extensions: [],
  androidProcess: 'com.tencent.mm:tools' }
[Appium]   udid: 'c8ebc45e'
[Appium]   platformName: 'Android'
[Appium]   resetKeyboard: 'True'
[BaseDriver] Capability 'noReset' changed from string to boolean. This may cause unexpected behavior
[BaseDriver] Capability 'unicodeKeyboard' changed from string to boolean. This may cause unexpected behavior
[BaseDriver] Capability 'resetKeyboard' changed from string to boolean. This may cause unexpected behavior
[BaseDriver] Capability 'noSign' changed from string to boolean. This may cause unexpected behavior
[BaseDriver] Capability 'newCommandTimeout' changed from string ('1200') to integer (1200). This may cause unexpected behavior
[debug] [AndroidDriver] Shutting down Android driver
[debug] [AndroidDriver] Called deleteSession but bootstrap wasn't active
Error: write EPIPE
    at exports._errnoException (util.js:1016:11)
    at Socket._writeGeneric (net.js:761:25)
    at Socket._write (net.js:780:8)
    at doWrite (_stream_writable.js:371:12)
    at writeOrBuffer (_stream_writable.js:357:5)
    at Socket.Writable.write (_stream_writable.js:274:11)
    at Socket.write (net.js:698:40)
    at Socket.stream.write (C:\Users\Administrator\AppData\Roaming\npm\node_modules\appium\node_modules\ansi\lib\newlines.js:36:21)
    at exports.Console.Console.log (C:\Users\Administrator\AppData\Roaming\npm\node_modules\appium\node_modules\winston\lib\winston\transports\console.js:119:20)
    at transportLog (C:\Users\Administrator\AppData\Roaming\npm\node_modules\appium\node_modules\winston\lib\winston\logger.js:234:15)
    at C:\Users\Administrator\AppData\Roaming\npm\node_modules\appium\node_modules\winston\node_modules\async\lib\async.js:157:13
    at _each (C:\Users\Administrator\AppData\Roaming\npm\node_modules\appium\node_modules\winston\node_modules\async\lib\async.js:57:9)
    at Object.async.each (C:\Users\Administrator\AppData\Roaming\npm\node_modules\appium\node_modules\winston\node_modules\async\lib\async.js:156:9)
    at exports.Logger.Logger.log (C:\Users\Administrator\AppData\Roaming\npm\node_modules\appium\node_modules\winston\lib\winston\logger.js:246:9)
    at exports.Logger.target.(anonymous function) [as error] (C:\Users\Administrator\AppData\Roaming\npm\node_modules\appium\node_modules\winston\lib\winston\common.js:54:18)
    at EventEmitter.<anonymous> (../../lib/logsink.js:197:22)
    at emitOne (events.js:115:13)
    at EventEmitter.emit (events.js:210:7)
    at EventEmitter.<anonymous> (C:\Users\Administrator\AppData\Roaming\npm\node_modules\appium\node_modules\npmlog\log.js:158:8)
    at EventEmitter.<anonymous> (C:\Users\Administrator\AppData\Roaming\npm\node_modules\appium\node_modules\npmlog\log.js:231:21)
    at asyncHandler$ (../../../lib/mjsonwp/mjsonwp.js:309:13)
    at tryCatch (C:\Users\Administrator\AppData\Roaming\npm\node_modules\appium\node_modules\babel-runtime\regenerator\runtime.js:67:40)
    at GeneratorFunctionPrototype.invoke [as _invoke] (C:\Users\Administrator\AppData\Roaming\npm\node_modules\appium\node_modules\babel-runtime\regenerator\runtime.js:315:22)
    at GeneratorFunctionPrototype.prototype.(anonymous function) [as throw] (C:\Users\Administrator\AppData\Roaming\npm\node_modules\appium\node_modules\babel-runtime\regenerator\runtime.js:100:21)
    at GeneratorFunctionPrototype.invoke (C:\Users\Administrator\AppData\Roaming\npm\node_modules\appium\node_modules\babel-runtime\regenerator\runtime.js:136:37)
    at <anonymous>
    at process._tickCallback (internal/process/next_tick.js:169:7)
